Analysis & Synthesis report for cpdl_uart
Mon Aug 22 23:42:40 2016
Quartus II 64-Bit Version 13.0.0 Build 156 04/24/2013 SJ Web Edition


---------------------
; Table of Contents ;
---------------------
  1. Legal Notice
  2. Analysis & Synthesis Summary
  3. Analysis & Synthesis Settings
  4. Parallel Compilation
  5. Analysis & Synthesis Source Files Read
  6. Analysis & Synthesis Resource Usage Summary
  7. Analysis & Synthesis Resource Utilization by Entity
  8. State Machine - |schematic|uart_receiver:inst7|state
  9. Parameter Settings for Inferred Entity Instance: counter:inst3|lpm_counter:temp_rtl_0
 10. Parameter Settings for Inferred Entity Instance: counter:inst2|lpm_counter:temp_rtl_0
 11. Analysis & Synthesis Messages



----------------
; Legal Notice ;
----------------
Copyright (C) 1991-2013 Altera Corporation
Your use of Altera Corporation's design tools, logic functions 
and other software and tools, and its AMPP partner logic 
functions, and any output files from any of the foregoing 
(including device programming or simulation files), and any 
associated documentation or information are expressly subject 
to the terms and conditions of the Altera Program License 
Subscription Agreement, Altera MegaCore Function License 
Agreement, or other applicable license agreement, including, 
without limitation, that your use is for the sole purpose of 
programming logic devices manufactured by Altera and sold by 
Altera or its authorized distributors.  Please refer to the 
applicable agreement for further details.



+--------------------------------------------------------------------------+
; Analysis & Synthesis Summary                                             ;
+-----------------------------+--------------------------------------------+
; Analysis & Synthesis Status ; Successful - Mon Aug 22 23:42:40 2016      ;
; Quartus II 64-Bit Version   ; 13.0.0 Build 156 04/24/2013 SJ Web Edition ;
; Revision Name               ; cpdl_uart                                  ;
; Top-level Entity Name       ; schematic                                  ;
; Family                      ; MAX7000AE                                  ;
; Total macrocells            ; 31                                         ;
; Total pins                  ; 15                                         ;
+-----------------------------+--------------------------------------------+


+---------------------------------------------------------------------------------------------------------------+
; Analysis & Synthesis Settings                                                                                 ;
+----------------------------------------------------------------------------+------------------+---------------+
; Option                                                                     ; Setting          ; Default Value ;
+----------------------------------------------------------------------------+------------------+---------------+
; Device                                                                     ; EPM7064AELC44-10 ;               ;
; Top-level entity name                                                      ; schematic        ; cpdl_uart     ;
; Family name                                                                ; MAX7000AE        ; Cyclone IV GX ;
; Use smart compilation                                                      ; Off              ; Off           ;
; Enable parallel Assembler and TimeQuest Timing Analyzer during compilation ; On               ; On            ;
; Enable compact report table                                                ; Off              ; Off           ;
; Create Debugging Nodes for IP Cores                                        ; Off              ; Off           ;
; Preserve fewer node names                                                  ; On               ; On            ;
; Disable OpenCore Plus hardware evaluation                                  ; Off              ; Off           ;
; Verilog Version                                                            ; Verilog_2001     ; Verilog_2001  ;
; VHDL Version                                                               ; VHDL_1993        ; VHDL_1993     ;
; State Machine Processing                                                   ; Auto             ; Auto          ;
; Safe State Machine                                                         ; Off              ; Off           ;
; Extract Verilog State Machines                                             ; On               ; On            ;
; Extract VHDL State Machines                                                ; On               ; On            ;
; Ignore Verilog initial constructs                                          ; Off              ; Off           ;
; Iteration limit for constant Verilog loops                                 ; 5000             ; 5000          ;
; Iteration limit for non-constant Verilog loops                             ; 250              ; 250           ;
; Add Pass-Through Logic to Inferred RAMs                                    ; On               ; On            ;
; Infer RAMs from Raw Logic                                                  ; On               ; On            ;
; Parallel Synthesis                                                         ; On               ; On            ;
; NOT Gate Push-Back                                                         ; On               ; On            ;
; Power-Up Don't Care                                                        ; On               ; On            ;
; Remove Duplicate Registers                                                 ; On               ; On            ;
; Ignore CARRY Buffers                                                       ; Off              ; Off           ;
; Ignore CASCADE Buffers                                                     ; Off              ; Off           ;
; Ignore GLOBAL Buffers                                                      ; Off              ; Off           ;
; Ignore ROW GLOBAL Buffers                                                  ; Off              ; Off           ;
; Ignore LCELL Buffers                                                       ; Auto             ; Auto          ;
; Ignore SOFT Buffers                                                        ; Off              ; Off           ;
; Limit AHDL Integers to 32 Bits                                             ; Off              ; Off           ;
; Optimization Technique                                                     ; Speed            ; Speed         ;
; Allow XOR Gate Usage                                                       ; On               ; On            ;
; Auto Logic Cell Insertion                                                  ; On               ; On            ;
; Parallel Expander Chain Length                                             ; 4                ; 4             ;
; Auto Parallel Expanders                                                    ; On               ; On            ;
; Auto Open-Drain Pins                                                       ; On               ; On            ;
; Auto Resource Sharing                                                      ; Off              ; Off           ;
; Maximum Fan-in Per Macrocell                                               ; 100              ; 100           ;
; Use LogicLock Constraints during Resource Balancing                        ; On               ; On            ;
; Ignore translate_off and synthesis_off directives                          ; Off              ; Off           ;
; Report Parameter Settings                                                  ; On               ; On            ;
; Report Source Assignments                                                  ; On               ; On            ;
; Report Connectivity Checks                                                 ; On               ; On            ;
; HDL message level                                                          ; Level2           ; Level2        ;
; Suppress Register Optimization Related Messages                            ; Off              ; Off           ;
; Number of Removed Registers Reported in Synthesis Report                   ; 5000             ; 5000          ;
; Number of Swept Nodes Reported in Synthesis Report                         ; 5000             ; 5000          ;
; Number of Inverted Registers Reported in Synthesis Report                  ; 100              ; 100           ;
; Block Design Naming                                                        ; Auto             ; Auto          ;
; Synthesis Effort                                                           ; Auto             ; Auto          ;
; Shift Register Replacement - Allow Asynchronous Clear Signal               ; On               ; On            ;
; Pre-Mapping Resynthesis Optimization                                       ; Off              ; Off           ;
; Analysis & Synthesis Message Level                                         ; Medium           ; Medium        ;
; Disable Register Merging Across Hierarchies                                ; Auto             ; Auto          ;
; Synthesis Seed                                                             ; 1                ; 1             ;
+----------------------------------------------------------------------------+------------------+---------------+


Parallel compilation was disabled, but you have multiple processors available. Enable parallel compilation to reduce compilation time.
+-------------------------------------+
; Parallel Compilation                ;
+----------------------------+--------+
; Processors                 ; Number ;
+----------------------------+--------+
; Number detected on machine ; 8      ;
; Maximum allowed            ; 1      ;
+----------------------------+--------+


+----------------------------------------------------------------------------------------------------------------------------------------------------------------------------+
; Analysis & Synthesis Source Files Read                                                                                                                                     ;
+----------------------------------+-----------------+------------------------------------+------------------------------------------------------------------------+---------+
; File Name with User-Entered Path ; Used in Netlist ; File Type                          ; File Name with Absolute Path                                           ; Library ;
+----------------------------------+-----------------+------------------------------------+------------------------------------------------------------------------+---------+
; schematic.bdf                    ; yes             ; User Block Diagram/Schematic File  ; D:/Weeb209/electeng209/electeng209-master/VHDL/schematic.bdf           ;         ;
; shift_reg.vhd                    ; yes             ; User VHDL File                     ; D:/Weeb209/electeng209/electeng209-master/VHDL/shift_reg.vhd           ;         ;
; uart_receiver.vhd                ; yes             ; User VHDL File                     ; D:/Weeb209/electeng209/electeng209-master/VHDL/uart_receiver.vhd       ;         ;
; seven_seg.vhd                    ; yes             ; User VHDL File                     ; D:/Weeb209/electeng209/electeng209-master/VHDL/seven_seg.vhd           ;         ;
; counter.vhd                      ; yes             ; User VHDL File                     ; D:/Weeb209/electeng209/electeng209-master/VHDL/counter.vhd             ;         ;
; comp15.vhd                       ; yes             ; User VHDL File                     ; D:/Weeb209/electeng209/electeng209-master/VHDL/comp15.vhd              ;         ;
; comp7.vhd                        ; yes             ; User VHDL File                     ; D:/Weeb209/electeng209/electeng209-master/VHDL/comp7.vhd               ;         ;
; lpm_counter.tdf                  ; yes             ; Megafunction                       ; c:/altera/13.0/quartus/libraries/megafunctions/lpm_counter.tdf         ;         ;
; lpm_constant.inc                 ; yes             ; Megafunction                       ; c:/altera/13.0/quartus/libraries/megafunctions/lpm_constant.inc        ;         ;
; lpm_decode.inc                   ; yes             ; Megafunction                       ; c:/altera/13.0/quartus/libraries/megafunctions/lpm_decode.inc          ;         ;
; lpm_add_sub.inc                  ; yes             ; Megafunction                       ; c:/altera/13.0/quartus/libraries/megafunctions/lpm_add_sub.inc         ;         ;
; cmpconst.inc                     ; yes             ; Megafunction                       ; c:/altera/13.0/quartus/libraries/megafunctions/cmpconst.inc            ;         ;
; lpm_compare.inc                  ; yes             ; Megafunction                       ; c:/altera/13.0/quartus/libraries/megafunctions/lpm_compare.inc         ;         ;
; lpm_counter.inc                  ; yes             ; Megafunction                       ; c:/altera/13.0/quartus/libraries/megafunctions/lpm_counter.inc         ;         ;
; dffeea.inc                       ; yes             ; Megafunction                       ; c:/altera/13.0/quartus/libraries/megafunctions/dffeea.inc              ;         ;
; alt_counter_stratix.inc          ; yes             ; Megafunction                       ; c:/altera/13.0/quartus/libraries/megafunctions/alt_counter_stratix.inc ;         ;
; aglobal130.inc                   ; yes             ; Megafunction                       ; c:/altera/13.0/quartus/libraries/megafunctions/aglobal130.inc          ;         ;
+----------------------------------+-----------------+------------------------------------+------------------------------------------------------------------------+---------+


+--------------------------------------------------------------+
; Analysis & Synthesis Resource Usage Summary                  ;
+----------------------+---------------------------------------+
; Resource             ; Usage                                 ;
+----------------------+---------------------------------------+
; Logic cells          ; 31                                    ;
; Total registers      ; 29                                    ;
; I/O pins             ; 15                                    ;
; Shareable expanders  ; 1                                     ;
; Parallel expanders   ; 2                                     ;
; Maximum fan-out node ; uart_receiver:inst7|state.state_bit_0 ;
; Maximum fan-out      ; 20                                    ;
; Total fan-out        ; 239                                   ;
; Average fan-out      ; 5.09                                  ;
+----------------------+---------------------------------------+


+---------------------------------------------------------------------------------------------------------------------+
; Analysis & Synthesis Resource Utilization by Entity                                                                 ;
+--------------------------------+------------+------+-------------------------------------------------+--------------+
; Compilation Hierarchy Node     ; Macrocells ; Pins ; Full Hierarchy Name                             ; Library Name ;
+--------------------------------+------------+------+-------------------------------------------------+--------------+
; |schematic                     ; 31         ; 15   ; |schematic                                      ; work         ;
;    |counter:inst2|             ; 5          ; 0    ; |schematic|counter:inst2                        ; work         ;
;       |lpm_counter:temp_rtl_0| ; 5          ; 0    ; |schematic|counter:inst2|lpm_counter:temp_rtl_0 ; work         ;
;    |counter:inst3|             ; 5          ; 0    ; |schematic|counter:inst3                        ; work         ;
;       |lpm_counter:temp_rtl_0| ; 5          ; 0    ; |schematic|counter:inst3|lpm_counter:temp_rtl_0 ; work         ;
;    |seven_seg:inst8|           ; 12         ; 0    ; |schematic|seven_seg:inst8                      ; work         ;
;    |shift_reg:inst4|           ; 7          ; 0    ; |schematic|shift_reg:inst4                      ; work         ;
;    |uart_receiver:inst7|       ; 2          ; 0    ; |schematic|uart_receiver:inst7                  ; work         ;
+--------------------------------+------------+------+-------------------------------------------------+--------------+


Encoding Type:  Minimal Bits
+------------------------------------------------------+
; State Machine - |schematic|uart_receiver:inst7|state ;
+-------------+-------------------+--------------------+
; Name        ; state.state_bit_1 ; state.state_bit_0  ;
+-------------+-------------------+--------------------+
; state.idle  ; 0                 ; 0                  ;
; state.start ; 0                 ; 1                  ;
; state.data  ; 1                 ; 0                  ;
; state.stop  ; 1                 ; 1                  ;
+-------------+-------------------+--------------------+


+---------------------------------------------------------------------------------------+
; Parameter Settings for Inferred Entity Instance: counter:inst3|lpm_counter:temp_rtl_0 ;
+------------------------+-------------------+------------------------------------------+
; Parameter Name         ; Value             ; Type                                     ;
+------------------------+-------------------+------------------------------------------+
; AUTO_CARRY_CHAINS      ; ON                ; AUTO_CARRY                               ;
; IGNORE_CARRY_BUFFERS   ; OFF               ; IGNORE_CARRY                             ;
; AUTO_CASCADE_CHAINS    ; ON                ; AUTO_CASCADE                             ;
; IGNORE_CASCADE_BUFFERS ; OFF               ; IGNORE_CASCADE                           ;
; LPM_WIDTH              ; 4                 ; Untyped                                  ;
; LPM_DIRECTION          ; UP                ; Untyped                                  ;
; LPM_MODULUS            ; 0                 ; Untyped                                  ;
; LPM_AVALUE             ; UNUSED            ; Untyped                                  ;
; LPM_SVALUE             ; UNUSED            ; Untyped                                  ;
; LPM_PORT_UPDOWN        ; PORT_CONNECTIVITY ; Untyped                                  ;
; DEVICE_FAMILY          ; MAX7000AE         ; Untyped                                  ;
; CARRY_CHAIN            ; MANUAL            ; Untyped                                  ;
; CARRY_CHAIN_LENGTH     ; 48                ; CARRY_CHAIN_LENGTH                       ;
; NOT_GATE_PUSH_BACK     ; ON                ; NOT_GATE_PUSH_BACK                       ;
; CARRY_CNT_EN           ; SMART             ; Untyped                                  ;
; LABWIDE_SCLR           ; ON                ; Untyped                                  ;
; USE_NEW_VERSION        ; TRUE              ; Untyped                                  ;
; CBXI_PARAMETER         ; NOTHING           ; Untyped                                  ;
+------------------------+-------------------+------------------------------------------+
Note: In order to hide this table in the UI and the text report file, please set the "Show Parameter Settings in Synthesis Report" option in "Analysis and Synthesis Settings -> More Settings" to "Off".


+---------------------------------------------------------------------------------------+
; Parameter Settings for Inferred Entity Instance: counter:inst2|lpm_counter:temp_rtl_0 ;
+------------------------+-------------------+------------------------------------------+
; Parameter Name         ; Value             ; Type                                     ;
+------------------------+-------------------+------------------------------------------+
; AUTO_CARRY_CHAINS      ; ON                ; AUTO_CARRY                               ;
; IGNORE_CARRY_BUFFERS   ; OFF               ; IGNORE_CARRY                             ;
; AUTO_CASCADE_CHAINS    ; ON                ; AUTO_CASCADE                             ;
; IGNORE_CASCADE_BUFFERS ; OFF               ; IGNORE_CASCADE                           ;
; LPM_WIDTH              ; 4                 ; Untyped                                  ;
; LPM_DIRECTION          ; UP                ; Untyped                                  ;
; LPM_MODULUS            ; 0                 ; Untyped                                  ;
; LPM_AVALUE             ; UNUSED            ; Untyped                                  ;
; LPM_SVALUE             ; UNUSED            ; Untyped                                  ;
; LPM_PORT_UPDOWN        ; PORT_CONNECTIVITY ; Untyped                                  ;
; DEVICE_FAMILY          ; MAX7000AE         ; Untyped                                  ;
; CARRY_CHAIN            ; MANUAL            ; Untyped                                  ;
; CARRY_CHAIN_LENGTH     ; 48                ; CARRY_CHAIN_LENGTH                       ;
; NOT_GATE_PUSH_BACK     ; ON                ; NOT_GATE_PUSH_BACK                       ;
; CARRY_CNT_EN           ; SMART             ; Untyped                                  ;
; LABWIDE_SCLR           ; ON                ; Untyped                                  ;
; USE_NEW_VERSION        ; TRUE              ; Untyped                                  ;
; CBXI_PARAMETER         ; NOTHING           ; Untyped                                  ;
+------------------------+-------------------+------------------------------------------+
Note: In order to hide this table in the UI and the text report file, please set the "Show Parameter Settings in Synthesis Report" option in "Analysis and Synthesis Settings -> More Settings" to "Off".


+-------------------------------+
; Analysis & Synthesis Messages ;
+-------------------------------+
Info: *******************************************************************
Info: Running Quartus II 64-Bit Analysis & Synthesis
    Info: Version 13.0.0 Build 156 04/24/2013 SJ Web Edition
    Info: Processing started: Mon Aug 22 23:42:39 2016
Info: Command: quartus_map --read_settings_files=on --write_settings_files=off cpdl_uart -c cpdl_uart
Warning (20028): Parallel compilation is not licensed and has been disabled
Info (12021): Found 1 design units, including 1 entities, in source file schematic.bdf
    Info (12023): Found entity 1: schematic
Info (12021): Found 2 design units, including 1 entities, in source file shift_reg.vhd
    Info (12022): Found design unit 1: shift_reg-beh
    Info (12023): Found entity 1: shift_reg
Info (12021): Found 2 design units, including 1 entities, in source file uart_receiver.vhd
    Info (12022): Found design unit 1: uart_receiver-beh
    Info (12023): Found entity 1: uart_receiver
Info (12021): Found 2 design units, including 1 entities, in source file seven_seg.vhd
    Info (12022): Found design unit 1: seven_seg-beh
    Info (12023): Found entity 1: seven_seg
Info (12021): Found 2 design units, including 1 entities, in source file counter.vhd
    Info (12022): Found design unit 1: counter-beh
    Info (12023): Found entity 1: counter
Info (12021): Found 2 design units, including 1 entities, in source file comp15.vhd
    Info (12022): Found design unit 1: comp15-beh
    Info (12023): Found entity 1: comp15
Info (12021): Found 2 design units, including 1 entities, in source file comp7.vhd
    Info (12022): Found design unit 1: comp7-beh
    Info (12023): Found entity 1: comp7
Info (12127): Elaborating entity "schematic" for the top level hierarchy
Info (12128): Elaborating entity "seven_seg" for hierarchy "seven_seg:inst8"
Info (12128): Elaborating entity "uart_receiver" for hierarchy "uart_receiver:inst7"
Warning (10631): VHDL Process Statement warning at uart_receiver.vhd(61): inferring latch(es) for signal or variable "clear_s", which holds its previous value in one or more paths through the process
Warning (10631): VHDL Process Statement warning at uart_receiver.vhd(61): inferring latch(es) for signal or variable "n_count", which holds its previous value in one or more paths through the process
Warning (10631): VHDL Process Statement warning at uart_receiver.vhd(61): inferring latch(es) for signal or variable "s_count", which holds its previous value in one or more paths through the process
Warning (10631): VHDL Process Statement warning at uart_receiver.vhd(61): inferring latch(es) for signal or variable "clear_n", which holds its previous value in one or more paths through the process
Warning (10631): VHDL Process Statement warning at uart_receiver.vhd(61): inferring latch(es) for signal or variable "shift", which holds its previous value in one or more paths through the process
Warning (10631): VHDL Process Statement warning at uart_receiver.vhd(61): inferring latch(es) for signal or variable "disp", which holds its previous value in one or more paths through the process
Info (10041): Inferred latch for "disp" at uart_receiver.vhd(61)
Info (10041): Inferred latch for "shift" at uart_receiver.vhd(61)
Info (10041): Inferred latch for "clear_n" at uart_receiver.vhd(61)
Info (10041): Inferred latch for "s_count" at uart_receiver.vhd(61)
Info (10041): Inferred latch for "n_count" at uart_receiver.vhd(61)
Info (10041): Inferred latch for "clear_s" at uart_receiver.vhd(61)
Info (12128): Elaborating entity "comp7" for hierarchy "comp7:inst"
Info (12128): Elaborating entity "counter" for hierarchy "counter:inst3"
Info (12128): Elaborating entity "comp15" for hierarchy "comp15:inst5"
Info (12128): Elaborating entity "shift_reg" for hierarchy "shift_reg:inst4"
Warning (14026): LATCH primitive "uart_receiver:inst7|s_count" is permanently enabled
Warning (14026): LATCH primitive "uart_receiver:inst7|clear_s" is permanently enabled
Warning (14026): LATCH primitive "uart_receiver:inst7|clear_n" is permanently enabled
Info (19000): Inferred 2 megafunctions from design logic
    Info (19001): Inferred lpm_counter megafunction (LPM_WIDTH=4) from the following logic: "counter:inst3|temp_rtl_0"
    Info (19001): Inferred lpm_counter megafunction (LPM_WIDTH=4) from the following logic: "counter:inst2|temp_rtl_0"
Info (12130): Elaborated megafunction instantiation "counter:inst3|lpm_counter:temp_rtl_0"
Info (12133): Instantiated megafunction "counter:inst3|lpm_counter:temp_rtl_0" with the following parameter:
    Info (12134): Parameter "LPM_WIDTH" = "4"
    Info (12134): Parameter "LPM_DIRECTION" = "UP"
    Info (12134): Parameter "LPM_TYPE" = "LPM_COUNTER"
Info (280013): Promoted pin-driven signal(s) to global signal
    Info (280014): Promoted clock signal driven by pin "clk" to global clock signal
Info (21057): Implemented 47 device resources after synthesis - the final resource count might be different
    Info (21058): Implemented 3 input pins
    Info (21059): Implemented 12 output pins
    Info (21063): Implemented 31 macrocells
    Info (21073): Implemented 1 shareable expanders
Info: Quartus II 64-Bit Analysis & Synthesis was successful. 0 errors, 10 warnings
    Info: Peak virtual memory: 497 megabytes
    Info: Processing ended: Mon Aug 22 23:42:40 2016
    Info: Elapsed time: 00:00:01
    Info: Total CPU time (on all processors): 00:00:01


